#
# A fatal error has been detected by the Java Runtime Environment:
#
#  Internal Error (javaClasses.cpp:129), pid=7896, tid=6900
#  fatal error: Invalid layout of preloaded class
#
# JRE version: 7.0_13-b20
# Java VM: Java HotSpot(TM) 64-Bit Server VM (23.7-b01 mixed mode windows-amd64 compressed oops)
# Failed to write core dump. Minidumps are not enabled by default on client versions of Windows
#
# If you would like to submit a bug report, please visit:
#   http://bugreport.sun.com/bugreport/crash.jsp
#

---------------  T H R E A D  ---------------

Current thread (0x000000000238d800):  JavaThread "Unknown thread" [_thread_in_vm, id=6900, stack(0x00000000026e0000,0x00000000027e0000)]

Stack: [0x00000000026e0000,0x00000000027e0000]

---------------  P R O C E S S  ---------------

Java Threads: ( => current thread )

Other Threads:

=>0x000000000238d800 (exited) JavaThread "Unknown thread" [_thread_in_vm, id=6900, stack(0x00000000026e0000,0x00000000027e0000)]

VM state:not at safepoint (not fully initialized)

VM Mutex/Monitor currently owned by a thread: None

GC Heap History (0 events):
No events

Deoptimization events (0 events):
No events

Internal exceptions (0 events):
No events

Events (10 events):
Event: 0.007 loading class 0x0000000002449bf0 done
Event: 0.008 loading class 0x00000000024035d0 done
Event: 0.008 loading class 0x00000000024035a0
Event: 0.008 loading class 0x0000000002455870
Event: 0.008 loading class 0x0000000002455870 done
Event: 0.008 loading class 0x00000000024558b0
Event: 0.008 loading class 0x00000000024558b0 done
Event: 0.008 loading class 0x000000001101ca90
Event: 0.008 loading class 0x000000001101ca90 done
Event: 0.008 loading class 0x00000000024035a0 done


Dynamic libraries:
0x000000013f640000 - 0x000000013f673000 	C:\Program Files\Java\jre7\bin\javaw.exe
0x00000000776c0000 - 0x000000007786c000 	C:\Windows\SYSTEM32\ntdll.dll
0x0000000077340000 - 0x000000007745f000 	C:\Windows\system32\kernel32.dll
0x000007fefde50000 - 0x000007fefdebc000 	C:\Windows\system32\KERNELBASE.dll
0x000007fefe170000 - 0x000007fefe24b000 	C:\Windows\system32\ADVAPI32.dll
0x000007feff070000 - 0x000007feff10f000 	C:\Windows\system32\msvcrt.dll
0x000007feff700000 - 0x000007feff71f000 	C:\Windows\SYSTEM32\sechost.dll
0x000007fefe040000 - 0x000007fefe16e000 	C:\Windows\system32\RPCRT4.dll
0x0000000077460000 - 0x000000007755a000 	C:\Windows\system32\USER32.dll
0x000007fefe270000 - 0x000007fefe2d7000 	C:\Windows\system32\GDI32.dll
0x000007fefe260000 - 0x000007fefe26e000 	C:\Windows\system32\LPK.dll
0x000007feff720000 - 0x000007feff7ea000 	C:\Windows\system32\USP10.dll
0x000007fefc4c0000 - 0x000007fefc6b4000 	C:\Windows\WinSxS\amd64_microsoft.windows.common-controls_6595b64144ccf1df_6.0.7600.16661_none_fa62ad231704eab7\COMCTL32.dll
0x000007feff190000 - 0x000007feff201000 	C:\Windows\system32\SHLWAPI.dll
0x000007fefdf00000 - 0x000007fefdf2e000 	C:\Windows\system32\IMM32.DLL
0x000007fefdf30000 - 0x000007fefe039000 	C:\Windows\system32\MSCTF.dll
0x000007fefdaf0000 - 0x000007fefdb30000 	C:\Windows\system32\nvinitx.dll
0x000000005fc80000 - 0x000000005fd51000 	C:\Program Files\Java\jre7\bin\msvcr100.dll
0x000000005f560000 - 0x000000005fc7f000 	C:\Program Files\Java\jre7\bin\server\jvm.dll
0x000007fef6070000 - 0x000007fef6079000 	C:\Windows\system32\WSOCK32.dll
0x000007feff690000 - 0x000007feff6dd000 	C:\Windows\system32\WS2_32.dll
0x000007fefe250000 - 0x000007fefe258000 	C:\Windows\system32\NSI.dll
0x000007fefab50000 - 0x000007fefab8b000 	C:\Windows\system32\WINMM.dll
0x0000000077890000 - 0x0000000077897000 	C:\Windows\system32\PSAPI.DLL
0x0000000069e40000 - 0x0000000069e4f000 	C:\Program Files\Java\jre7\bin\verify.dll
0x000000005f530000 - 0x000000005f558000 	C:\Program Files\Java\jre7\bin\java.dll
0x0000000060760000 - 0x0000000060795000 	C:\Program Files\Java\jre7\bin\jdwp.dll
0x00000000724c0000 - 0x00000000724c8000 	C:\Program Files\Java\jre7\bin\npt.dll
0x000000005f510000 - 0x000000005f525000 	C:\Program Files\Java\jre7\bin\zip.dll

VM Arguments:
jvm_args: -agentlib:jdwp=transport=dt_socket,suspend=y,address=localhost:55730 -Dfile.encoding=Cp1252 -Xbootclasspath:C:\Users\aschi\AppData\Local\Android\android-sdk\platforms\android-15\android.jar 
java_command: ch.zhaw.budgettool.datatransfer.Test
Launcher Type: SUN_STANDARD

Environment Variables:
PATH=C:\Program Files (x86)\NVIDIA Corporation\PhysX\Common;C:\Windows\system32;C:\Windows;C:\Windows\System32\Wbem;C:\Windows\System32\WindowsPowerShell\v1.0\;C:\Program Files (x86)\Intel\OpenCL SDK\2.0\bin\x86;C:\Program Files (x86)\Intel\OpenCL SDK\2.0\bin\x64
USERNAME=aschi
OS=Windows_NT
PROCESSOR_IDENTIFIER=Intel64 Family 6 Model 42 Stepping 7, GenuineIntel



---------------  S Y S T E M  ---------------

OS: Windows 7 , 64 bit Build 7600 

CPU:total 8 (4 cores per cpu, 2 threads per core) family 6 model 42 stepping 7, cmov, cx8, fxsr, mmx, sse, sse2, sse3, ssse3, sse4.1, sse4.2, popcnt, ht, tsc, tscinvbit

Memory: 4k page, physical 16692344k(9480312k free), swap 33382780k(23799036k free)

vm_info: Java HotSpot(TM) 64-Bit Server VM (23.7-b01) for windows-amd64 JRE (1.7.0_13-b20), built on Jan 30 2013 10:10:00 by "java_re" with unknown MS VC++:1600

time: Mon Feb 18 04:27:53 2013
elapsed time: 0 seconds

