#
# A fatal error has been detected by the Java Runtime Environment:
#
#  Internal Error (javaClasses.cpp:129), pid=7516, tid=7560
#  fatal error: Invalid layout of preloaded class
#
# JRE version: 7.0_09-b05
# Java VM: Java HotSpot(TM) 64-Bit Server VM (23.5-b02 mixed mode windows-amd64 compressed oops)
# Failed to write core dump. Minidumps are not enabled by default on client versions of Windows
#
# If you would like to submit a bug report, please visit:
#   http://bugreport.sun.com/bugreport/crash.jsp
#

---------------  T H R E A D  ---------------

Current thread (0x0000000001ecc800):  JavaThread "Unknown thread" [_thread_in_vm, id=7560, stack(0x00000000022f0000,0x00000000023f0000)]

Stack: [0x00000000022f0000,0x00000000023f0000]

---------------  P R O C E S S  ---------------

Java Threads: ( => current thread )

Other Threads:

=>0x0000000001ecc800 (exited) JavaThread "Unknown thread" [_thread_in_vm, id=7560, stack(0x00000000022f0000,0x00000000023f0000)]

VM state:not at safepoint (not fully initialized)

VM Mutex/Monitor currently owned by a thread: None

GC Heap History (0 events):
No events

Deoptimization events (0 events):
No events

Internal exceptions (0 events):
No events

Events (10 events):
Event: 0.276 loading class 0x0000000001f50040 done
Event: 0.276 loading class 0x0000000001f123d0 done
Event: 0.276 loading class 0x0000000001f123a0
Event: 0.276 loading class 0x0000000001f5bc20
Event: 0.285 loading class 0x0000000001f5bc20 done
Event: 0.285 loading class 0x0000000001f5bc60
Event: 0.286 loading class 0x0000000001f5bc60 done
Event: 0.286 loading class 0x000000000879d170
Event: 0.286 loading class 0x000000000879d170 done
Event: 0.286 loading class 0x0000000001f123a0 done


Dynamic libraries:
0x000000013f520000 - 0x000000013f554000 	C:\Program Files\Java\jre7\bin\javaw.exe
0x0000000076f40000 - 0x00000000770ec000 	C:\Windows\SYSTEM32\ntdll.dll
0x0000000076d20000 - 0x0000000076e3f000 	C:\Windows\system32\kernel32.dll
0x000007fefd0c0000 - 0x000007fefd12c000 	C:\Windows\system32\KERNELBASE.dll
0x000007fefd7a0000 - 0x000007fefd87b000 	C:\Windows\system32\ADVAPI32.dll
0x000007fefd490000 - 0x000007fefd52f000 	C:\Windows\system32\msvcrt.dll
0x000007fefd600000 - 0x000007fefd61f000 	C:\Windows\SYSTEM32\sechost.dll
0x000007fefea80000 - 0x000007fefebae000 	C:\Windows\system32\RPCRT4.dll
0x0000000076e40000 - 0x0000000076f3a000 	C:\Windows\system32\USER32.dll
0x000007fefd2f0000 - 0x000007fefd357000 	C:\Windows\system32\GDI32.dll
0x000007fefd790000 - 0x000007fefd79e000 	C:\Windows\system32\LPK.dll
0x000007fefd670000 - 0x000007fefd73a000 	C:\Windows\system32\USP10.dll
0x000007fefc0c0000 - 0x000007fefc2b4000 	C:\Windows\WinSxS\amd64_microsoft.windows.common-controls_6595b64144ccf1df_6.0.7600.16661_none_fa62ad231704eab7\COMCTL32.dll
0x000007fefd270000 - 0x000007fefd2e1000 	C:\Windows\system32\SHLWAPI.dll
0x000007fefd5d0000 - 0x000007fefd5fe000 	C:\Windows\system32\IMM32.DLL
0x000007feff140000 - 0x000007feff249000 	C:\Windows\system32\MSCTF.dll
0x000000005fc90000 - 0x000000005fd61000 	C:\Program Files\Java\jre7\bin\msvcr100.dll
0x000000005f570000 - 0x000000005fc8f000 	C:\Program Files\Java\jre7\bin\server\jvm.dll
0x000007fef9190000 - 0x000007fef9199000 	C:\Windows\system32\WSOCK32.dll
0x000007fefd620000 - 0x000007fefd66d000 	C:\Windows\system32\WS2_32.dll
0x000007fefda60000 - 0x000007fefda68000 	C:\Windows\system32\NSI.dll
0x000007fefae70000 - 0x000007fefaeab000 	C:\Windows\system32\WINMM.dll
0x0000000077100000 - 0x0000000077107000 	C:\Windows\system32\PSAPI.DLL
0x00000000634f0000 - 0x00000000634ff000 	C:\Program Files\Java\jre7\bin\verify.dll
0x00000000609c0000 - 0x00000000609e8000 	C:\Program Files\Java\jre7\bin\java.dll
0x000000005f550000 - 0x000000005f565000 	C:\Program Files\Java\jre7\bin\zip.dll

VM Arguments:
jvm_args: -Dfile.encoding=Cp1252 -Xbootclasspath:C:\Users\aschmid\AppData\Local\Android\android-sdk\platforms\android-15\android.jar 
java_command: ch.zhaw.budgettool.datatransfer.Test
Launcher Type: SUN_STANDARD

Environment Variables:
JAVA_HOME=C:\Program Files\Java\jdk1.7.0_09\
CLASSPATH=.;C:\Program Files (x86)\Java\jre6\lib\ext\QTJava.zip
PATH=C:\Program Files\Common Files\Microsoft Shared\Windows Live;C:\Program Files (x86)\NVIDIA Corporation\PhysX\Common;C:\Program Files (x86)\MiKTeX 2.8\miktex\bin;C:\Windows\system32;C:\Windows;C:\Windows\System32\Wbem;C:\Windows\System32\WindowsPowerShell\v1.0\;C:\Program Files\ThinkPad\Bluetooth Software\;C:\Program Files\ThinkPad\Bluetooth Software\syswow64;C:\Program Files\Intel\WiFi\bin\;C:\Program Files\Common Files\Intel\WirelessCommon\;C:\Program Files (x86)\Common Files\Lenovo;C:\Program Files\TortoiseSVN\bin;C:\Program Files (x86)\QuickTime\QTSystem\;C:\Program Files\MATLAB\R2011a\bin;c:\altera\91sp2\quartus\bin
USERNAME=aschmid
OS=Windows_NT
PROCESSOR_IDENTIFIER=Intel64 Family 6 Model 37 Stepping 5, GenuineIntel



---------------  S Y S T E M  ---------------

OS: Windows 7 , 64 bit Build 7600 

CPU:total 4 (2 cores per cpu, 2 threads per core) family 6 model 37 stepping 5, cmov, cx8, fxsr, mmx, sse, sse2, sse3, ssse3, sse4.1, sse4.2, popcnt, ht, tsc, tscinvbit

Memory: 4k page, physical 4050604k(207996k free), swap 8099308k(986036k free)

vm_info: Java HotSpot(TM) 64-Bit Server VM (23.5-b02) for windows-amd64 JRE (1.7.0_09-b05), built on Sep 24 2012 21:45:04 by "java_re" with unknown MS VC++:1600

time: Sat Jan 19 19:14:44 2013
elapsed time: 0 seconds

